# JRE version: OpenJDK Runtime Environment (21.0.7) (build 21.0.7+-13880790-b1038.58)
# Java VM: OpenJDK 64-Bit Server VM (21.0.7+-13880790-b1038.58, mixed mode, tiered, compressed oops, compressed class ptrs, g1 gc, windows-amd64)
GC Precious Log:
 CardTable entry size: 512
 Card Set container configuration: InlinePtr #cards 4 size 8 Array Of Cards #cards 32 size 80 Howl #buckets 8 coarsen threshold 7372 Howl Bitmap #cards 1024 size 144 coarsen threshold 921 Card regions per heap region 1 cards per card region 8192
 CPUs: 4 total, 4 available
 Memory: 8070M
 Large Page Support: Disabled
 NUMA Support: Disabled
 Compressed Oops: Enabled (Zero based)
 Heap Region Size: 4M
 Heap Min Capacity: 8M
 Heap Initial Capacity: 128M
 Heap Max Capacity: 8G
 Pre-touch: Disabled
 Parallel Workers: 4
 Concurrent Workers: 1
 Concurrent Refinement Workers: 4
 Periodic GC: Disabled
Heap:
 garbage-first heap   total 1777664K, used 758095K [0x0000000600000000, 0x0000000800000000)
  region size 4096K, 14 young (57344K), 14 survivors (57344K)
 Metaspace       used 290311K, committed 293248K, reserved 1310720K
  class space    used 37195K, committed 38592K, reserved 1048576K
GC Heap History (20 events):
Event: 185.706 GC heap after
{Heap after GC invocations=106 (full 0):
 garbage-first heap   total 1748992K, used 472993K [0x0000000600000000, 0x0000000800000000)
  region size 4096K, 13 young (53248K), 13 survivors (53248K)
 Metaspace       used 269110K, committed 271808K, reserved 1310720K
  class space    used 34936K, committed 36224K, reserved 1048576K
}
Event: 190.143 GC heap before
{Heap before GC invocations=106 (full 0):
 garbage-first heap   total 1748992K, used 1517473K [0x0000000600000000, 0x0000000800000000)
  region size 4096K, 256 young (1048576K), 13 survivors (53248K)
 Metaspace       used 272845K, committed 275584K, reserved 1310720K
  class space    used 35467K, committed 36736K, reserved 1048576K
}
Event: 190.215 GC heap after
{Heap after GC invocations=107 (full 0):
 garbage-first heap   total 1748992K, used 504816K [0x0000000600000000, 0x0000000800000000)
  region size 4096K, 17 young (69632K), 17 survivors (69632K)
 Metaspace       used 272845K, committed 275584K, reserved 1310720K
  class space    used 35467K, committed 36736K, reserved 1048576K
}
Event: 2957.118 GC heap before
{Heap before GC invocations=107 (full 0):
 garbage-first heap   total 1748992K, used 1524720K [0x0000000600000000, 0x0000000800000000)
  region size 4096K, 256 young (1048576K), 17 survivors (69632K)
 Metaspace       used 283121K, committed 285952K, reserved 1310720K
  class space    used 36584K, committed 37952K, reserved 1048576K
}
Event: 2958.085 GC heap after
{Heap after GC invocations=108 (full 0):
 garbage-first heap   total 1748992K, used 505158K [0x0000000600000000, 0x0000000800000000)
  region size 4096K, 16 young (65536K), 16 survivors (65536K)
 Metaspace       used 283121K, committed 285952K, reserved 1310720K
  class space    used 36584K, committed 37952K, reserved 1048576K
}
Event: 2982.518 GC heap before
{Heap before GC invocations=108 (full 0):
 garbage-first heap   total 1748992K, used 521542K [0x0000000600000000, 0x0000000800000000)
  region size 4096K, 21 young (86016K), 16 survivors (65536K)
 Metaspace       used 283165K, committed 286016K, reserved 1310720K
  class space    used 36585K, committed 37952K, reserved 1048576K
}
Event: 2982.889 GC heap after
{Heap after GC invocations=109 (full 0):
 garbage-first heap   total 1748992K, used 513241K [0x0000000600000000, 0x0000000800000000)
  region size 4096K, 3 young (12288K), 3 survivors (12288K)
 Metaspace       used 283165K, committed 286016K, reserved 1310720K
  class space    used 36585K, committed 37952K, reserved 1048576K
}
Event: 3065.918 GC heap before
{Heap before GC invocations=110 (full 0):
 garbage-first heap   total 1654784K, used 1647833K [0x0000000600000000, 0x0000000800000000)
  region size 4096K, 238 young (974848K), 3 survivors (12288K)
 Metaspace       used 290158K, committed 293056K, reserved 1310720K
  class space    used 37197K, committed 38592K, reserved 1048576K
}
Event: 3066.090 GC heap after
{Heap after GC invocations=111 (full 0):
 garbage-first heap   total 1716224K, used 547901K [0x0000000600000000, 0x0000000800000000)
  region size 4096K, 15 young (61440K), 15 survivors (61440K)
 Metaspace       used 290158K, committed 293056K, reserved 1310720K
  class space    used 37197K, committed 38592K, reserved 1048576K
}
Event: 3072.937 GC heap before
{Heap before GC invocations=111 (full 0):
 garbage-first heap   total 1716224K, used 1510461K [0x0000000600000000, 0x0000000800000000)
  region size 4096K, 251 young (1028096K), 15 survivors (61440K)
 Metaspace       used 290202K, committed 293120K, reserved 1310720K
  class space    used 37197K, committed 38592K, reserved 1048576K
}
Event: 3073.404 GC heap after
{Heap after GC invocations=112 (full 0):
 garbage-first heap   total 1744896K, used 670937K [0x0000000600000000, 0x0000000800000000)
  region size 4096K, 32 young (131072K), 32 survivors (131072K)
 Metaspace       used 290202K, committed 293120K, reserved 1310720K
  class space    used 37197K, committed 38592K, reserved 1048576K
}
Event: 3073.412 GC heap before
{Heap before GC invocations=112 (full 0):
 garbage-first heap   total 1744896K, used 675033K [0x0000000600000000, 0x0000000800000000)
  region size 4096K, 33 young (135168K), 32 survivors (131072K)
 Metaspace       used 290202K, committed 293120K, reserved 1310720K
  class space    used 37197K, committed 38592K, reserved 1048576K
}
Event: 3073.615 GC heap after
{Heap after GC invocations=113 (full 0):
 garbage-first heap   total 1744896K, used 681177K [0x0000000600000000, 0x0000000800000000)
  region size 4096K, 2 young (8192K), 2 survivors (8192K)
 Metaspace       used 290202K, committed 293120K, reserved 1310720K
  class space    used 37197K, committed 38592K, reserved 1048576K
}
Event: 3076.528 GC heap before
{Heap before GC invocations=113 (full 0):
 garbage-first heap   total 1744896K, used 1098969K [0x0000000600000000, 0x0000000800000000)
  region size 4096K, 104 young (425984K), 2 survivors (8192K)
 Metaspace       used 290237K, committed 293120K, reserved 1310720K
  class space    used 37197K, committed 38592K, reserved 1048576K
}
Event: 3076.626 GC heap after
{Heap after GC invocations=114 (full 0):
 garbage-first heap   total 1744896K, used 736473K [0x0000000600000000, 0x0000000800000000)
  region size 4096K, 13 young (53248K), 13 survivors (53248K)
 Metaspace       used 290237K, committed 293120K, reserved 1310720K
  class space    used 37197K, committed 38592K, reserved 1048576K
}
Event: 3077.043 GC heap before
{Heap before GC invocations=114 (full 0):
 garbage-first heap   total 1744896K, used 773337K [0x0000000600000000, 0x0000000800000000)
  region size 4096K, 22 young (90112K), 13 survivors (53248K)
 Metaspace       used 290251K, committed 293184K, reserved 1310720K
  class space    used 37197K, committed 38592K, reserved 1048576K
}
Event: 3077.119 GC heap after
{Heap after GC invocations=115 (full 0):
 garbage-first heap   total 1744896K, used 754905K [0x0000000600000000, 0x0000000800000000)
  region size 4096K, 3 young (12288K), 3 survivors (12288K)
 Metaspace       used 290251K, committed 293184K, reserved 1310720K
  class space    used 37197K, committed 38592K, reserved 1048576K
}
Event: 3081.601 GC heap before
{Heap before GC invocations=116 (full 0):
 garbage-first heap   total 1744896K, used 1099776K [0x0000000600000000, 0x0000000800000000)
  region size 4096K, 93 young (380928K), 3 survivors (12288K)
 Metaspace       used 290254K, committed 293184K, reserved 1310720K
  class space    used 37195K, committed 38592K, reserved 1048576K
}
Event: 3081.654 GC heap after
{Heap after GC invocations=117 (full 0):
 garbage-first heap   total 1744896K, used 761495K [0x0000000600000000, 0x0000000800000000)
  region size 4096K, 11 young (45056K), 11 survivors (45056K)
 Metaspace       used 290254K, committed 293184K, reserved 1310720K
  class space    used 37195K, committed 38592K, reserved 1048576K
}
Event: 3083.972 GC heap before
{Heap before GC invocations=117 (full 0):
 garbage-first heap   total 1744896K, used 1322647K [0x0000000600000000, 0x0000000800000000)
  region size 4096K, 147 young (602112K), 11 survivors (45056K)
 Metaspace       used 290311K, committed 293248K, reserved 1310720K
  class space    used 37195K, committed 38592K, reserved 1048576K
}

